[2024-12-19 01:38:15] local.ERROR: Invalid key supplied {"exception":"[object] (LogicException(code: 0): Invalid key supplied at /home/ojt/Documents/room_manage/vendor/league/oauth2-server/src/CryptKey.php:67)
[stacktrace]
#0 /home/ojt/Documents/room_manage/vendor/laravel/passport/src/PassportServiceProvider.php(325): League\\OAuth2\\Server\\CryptKey->__construct()
#1 /home/ojt/Documents/room_manage/vendor/laravel/passport/src/PassportServiceProvider.php(306): Laravel\\Passport\\PassportServiceProvider->makeCryptKey()
#2 /home/ojt/Documents/room_manage/vendor/laravel/framework/src/Illuminate/Container/Container.php(937): Laravel\\Passport\\PassportServiceProvider->Laravel\\Passport\\{closure}()
#3 /home/ojt/Documents/room_manage/vendor/laravel/framework/src/Illuminate/Container/Container.php(819): Illuminate\\Container\\Container->build()
#4 /home/ojt/Documents/room_manage/vendor/laravel/framework/src/Illuminate/Foundation/Application.php(1048): Illuminate\\Container\\Container->resolve()
#5 /home/ojt/Documents/room_manage/vendor/laravel/framework/src/Illuminate/Container/Container.php(755): Illuminate\\Foundation\\Application->resolve()
#6 /home/ojt/Documents/room_manage/vendor/laravel/framework/src/Illuminate/Foundation/Application.php(1030): Illuminate\\Container\\Container->make()
#7 /home/ojt/Documents/room_manage/vendor/laravel/passport/src/PassportServiceProvider.php(353): Illuminate\\Foundation\\Application->make()
#8 /home/ojt/Documents/room_manage/vendor/laravel/passport/src/PassportServiceProvider.php(337): Laravel\\Passport\\PassportServiceProvider->makeGuard()
#9 /home/ojt/Documents/room_manage/vendor/laravel/framework/src/Illuminate/Auth/AuthManager.php(113): Laravel\\Passport\\PassportServiceProvider->Laravel\\Passport\\{closure}()
#10 /home/ojt/Documents/room_manage/vendor/laravel/framework/src/Illuminate/Auth/AuthManager.php(90): Illuminate\\Auth\\AuthManager->callCustomCreator()
#11 /home/ojt/Documents/room_manage/vendor/laravel/framework/src/Illuminate/Auth/AuthManager.php(70): Illuminate\\Auth\\AuthManager->resolve()
#12 /home/ojt/Documents/room_manage/vendor/laravel/framework/src/Illuminate/Auth/Middleware/Authenticate.php(83): Illuminate\\Auth\\AuthManager->guard()
#13 /home/ojt/Documents/room_manage/vendor/laravel/framework/src/Illuminate/Auth/Middleware/Authenticate.php(62): Illuminate\\Auth\\Middleware\\Authenticate->authenticate()
#14 /home/ojt/Documents/room_manage/vendor/laravel/framework/src/Illuminate/Pipeline/Pipeline.php(183): Illuminate\\Auth\\Middleware\\Authenticate->handle()
#15 /home/ojt/Documents/room_manage/vendor/laravel/framework/src/Illuminate/Pipeline/Pipeline.php(119): Illuminate\\Pipeline\\Pipeline->Illuminate\\Pipeline\\{closure}()
#16 /home/ojt/Documents/room_manage/vendor/laravel/framework/src/Illuminate/Routing/Router.php(807): Illuminate\\Pipeline\\Pipeline->then()
#17 /home/ojt/Documents/room_manage/vendor/laravel/framework/src/Illuminate/Routing/Router.php(786): Illuminate\\Routing\\Router->runRouteWithinStack()
#18 /home/ojt/Documents/room_manage/vendor/laravel/framework/src/Illuminate/Routing/Router.php(750): Illuminate\\Routing\\Router->runRoute()
#19 /home/ojt/Documents/room_manage/vendor/laravel/framework/src/Illuminate/Routing/Router.php(739): Illuminate\\Routing\\Router->dispatchToRoute()
#20 /home/ojt/Documents/room_manage/vendor/laravel/framework/src/Illuminate/Foundation/Http/Kernel.php(201): Illuminate\\Routing\\Router->dispatch()
#21 /home/ojt/Documents/room_manage/vendor/laravel/framework/src/Illuminate/Pipeline/Pipeline.php(144): Illuminate\\Foundation\\Http\\Kernel->Illuminate\\Foundation\\Http\\{closure}()
#22 /home/ojt/Documents/room_manage/vendor/laravel/framework/src/Illuminate/Foundation/Http/Middleware/TransformsRequest.php(21): Illuminate\\Pipeline\\Pipeline->Illuminate\\Pipeline\\{closure}()
#23 /home/ojt/Documents/room_manage/vendor/laravel/framework/src/Illuminate/Foundation/Http/Middleware/ConvertEmptyStringsToNull.php(31): Illuminate\\Foundation\\Http\\Middleware\\TransformsRequest->handle()
#24 /home/ojt/Documents/room_manage/vendor/laravel/framework/src/Illuminate/Pipeline/Pipeline.php(183): Illuminate\\Foundation\\Http\\Middleware\\ConvertEmptyStringsToNull->handle()
#25 /home/ojt/Documents/room_manage/vendor/laravel/framework/src/Illuminate/Foundation/Http/Middleware/TransformsRequest.php(21): Illuminate\\Pipeline\\Pipeline->Illuminate\\Pipeline\\{closure}()
#26 /home/ojt/Documents/room_manage/vendor/laravel/framework/src/Illuminate/Foundation/Http/Middleware/TrimStrings.php(51): Illuminate\\Foundation\\Http\\Middleware\\TransformsRequest->handle()
#27 /home/ojt/Documents/room_manage/vendor/laravel/framework/src/Illuminate/Pipeline/Pipeline.php(183): Illuminate\\Foundation\\Http\\Middleware\\TrimStrings->handle()
#28 /home/ojt/Documents/room_manage/vendor/laravel/framework/src/Illuminate/Http/Middleware/ValidatePostSize.php(27): Illuminate\\Pipeline\\Pipeline->Illuminate\\Pipeline\\{closure}()
#29 /home/ojt/Documents/room_manage/vendor/laravel/framework/src/Illuminate/Pipeline/Pipeline.php(183): Illuminate\\Http\\Middleware\\ValidatePostSize->handle()
#30 /home/ojt/Documents/room_manage/vendor/laravel/framework/src/Illuminate/Foundation/Http/Middleware/PreventRequestsDuringMaintenance.php(110): Illuminate\\Pipeline\\Pipeline->Illuminate\\Pipeline\\{closure}()
#31 /home/ojt/Documents/room_manage/vendor/laravel/framework/src/Illuminate/Pipeline/Pipeline.php(183): Illuminate\\Foundation\\Http\\Middleware\\PreventRequestsDuringMaintenance->handle()
#32 /home/ojt/Documents/room_manage/vendor/laravel/framework/src/Illuminate/Http/Middleware/HandleCors.php(62): Illuminate\\Pipeline\\Pipeline->Illuminate\\Pipeline\\{closure}()
#33 /home/ojt/Documents/room_manage/vendor/laravel/framework/src/Illuminate/Pipeline/Pipeline.php(183): Illuminate\\Http\\Middleware\\HandleCors->handle()
#34 /home/ojt/Documents/room_manage/vendor/laravel/framework/src/Illuminate/Http/Middleware/TrustProxies.php(58): Illuminate\\Pipeline\\Pipeline->Illuminate\\Pipeline\\{closure}()
#35 /home/ojt/Documents/room_manage/vendor/laravel/framework/src/Illuminate/Pipeline/Pipeline.php(183): Illuminate\\Http\\Middleware\\TrustProxies->handle()
#36 /home/ojt/Documents/room_manage/vendor/laravel/framework/src/Illuminate/Foundation/Http/Middleware/InvokeDeferredCallbacks.php(22): Illuminate\\Pipeline\\Pipeline->Illuminate\\Pipeline\\{closure}()
#37 /home/ojt/Documents/room_manage/vendor/laravel/framework/src/Illuminate/Pipeline/Pipeline.php(183): Illuminate\\Foundation\\Http\\Middleware\\InvokeDeferredCallbacks->handle()
#38 /home/ojt/Documents/room_manage/vendor/laravel/framework/src/Illuminate/Pipeline/Pipeline.php(119): Illuminate\\Pipeline\\Pipeline->Illuminate\\Pipeline\\{closure}()
#39 /home/ojt/Documents/room_manage/vendor/laravel/framework/src/Illuminate/Foundation/Http/Kernel.php(176): Illuminate\\Pipeline\\Pipeline->then()
#40 /home/ojt/Documents/room_manage/vendor/laravel/framework/src/Illuminate/Foundation/Http/Kernel.php(145): Illuminate\\Foundation\\Http\\Kernel->sendRequestThroughRouter()
#41 /home/ojt/Documents/room_manage/vendor/laravel/framework/src/Illuminate/Foundation/Application.php(1190): Illuminate\\Foundation\\Http\\Kernel->handle()
#42 /home/ojt/Documents/room_manage/public/index.php(17): Illuminate\\Foundation\\Application->handleRequest()
#43 /home/ojt/Documents/room_manage/vendor/laravel/framework/src/Illuminate/Foundation/resources/server.php(23): require_once('...')
#44 {main}
"} 
[2024-12-19 01:38:45] local.ERROR: SQLSTATE[42S02]: Base table or view not found: 1146 Table 'room_management.cache' doesn't exist (Connection: mysql, SQL: delete from `cache`) {"exception":"[object] (Illuminate\\Database\\QueryException(code: 42S02): SQLSTATE[42S02]: Base table or view not found: 1146 Table 'room_management.cache' doesn't exist (Connection: mysql, SQL: delete from `cache`) at /home/ojt/Documents/room_manage/vendor/laravel/framework/src/Illuminate/Database/Connection.php:825)
[stacktrace]
#0 /home/ojt/Documents/room_manage/vendor/laravel/framework/src/Illuminate/Database/Connection.php(779): Illuminate\\Database\\Connection->runQueryCallback()
#1 /home/ojt/Documents/room_manage/vendor/laravel/framework/src/Illuminate/Database/Connection.php(584): Illuminate\\Database\\Connection->run()
#2 /home/ojt/Documents/room_manage/vendor/laravel/framework/src/Illuminate/Database/Connection.php(548): Illuminate\\Database\\Connection->affectingStatement()
#3 /home/ojt/Documents/room_manage/vendor/laravel/framework/src/Illuminate/Database/Query/Builder.php(4066): Illuminate\\Database\\Connection->delete()
#4 /home/ojt/Documents/room_manage/vendor/laravel/framework/src/Illuminate/Cache/DatabaseStore.php(421): Illuminate\\Database\\Query\\Builder->delete()
#5 /home/ojt/Documents/room_manage/vendor/laravel/framework/src/Illuminate/Cache/Repository.php(791): Illuminate\\Cache\\DatabaseStore->flush()
#6 /home/ojt/Documents/room_manage/vendor/laravel/framework/src/Illuminate/Cache/Console/ClearCommand.php(69): Illuminate\\Cache\\Repository->__call()
#7 /home/ojt/Documents/room_manage/vendor/laravel/framework/src/Illuminate/Container/BoundMethod.php(36): Illuminate\\Cache\\Console\\ClearCommand->handle()
#8 /home/ojt/Documents/room_manage/vendor/laravel/framework/src/Illuminate/Container/Util.php(43): Illuminate\\Container\\BoundMethod::Illuminate\\Container\\{closure}()
#9 /home/ojt/Documents/room_manage/vendor/laravel/framework/src/Illuminate/Container/BoundMethod.php(95): Illuminate\\Container\\Util::unwrapIfClosure()
#10 /home/ojt/Documents/room_manage/vendor/laravel/framework/src/Illuminate/Container/BoundMethod.php(35): Illuminate\\Container\\BoundMethod::callBoundMethod()
#11 /home/ojt/Documents/room_manage/vendor/laravel/framework/src/Illuminate/Container/Container.php(694): Illuminate\\Container\\BoundMethod::call()
#12 /home/ojt/Documents/room_manage/vendor/laravel/framework/src/Illuminate/Console/Command.php(213): Illuminate\\Container\\Container->call()
#13 /home/ojt/Documents/room_manage/vendor/symfony/console/Command/Command.php(279): Illuminate\\Console\\Command->execute()
#14 /home/ojt/Documents/room_manage/vendor/laravel/framework/src/Illuminate/Console/Command.php(182): Symfony\\Component\\Console\\Command\\Command->run()
#15 /home/ojt/Documents/room_manage/vendor/symfony/console/Application.php(1047): Illuminate\\Console\\Command->run()
#16 /home/ojt/Documents/room_manage/vendor/symfony/console/Application.php(316): Symfony\\Component\\Console\\Application->doRunCommand()
#17 /home/ojt/Documents/room_manage/vendor/symfony/console/Application.php(167): Symfony\\Component\\Console\\Application->doRun()
#18 /home/ojt/Documents/room_manage/vendor/laravel/framework/src/Illuminate/Foundation/Console/Kernel.php(197): Symfony\\Component\\Console\\Application->run()
#19 /home/ojt/Documents/room_manage/vendor/laravel/framework/src/Illuminate/Foundation/Application.php(1205): Illuminate\\Foundation\\Console\\Kernel->handle()
#20 /home/ojt/Documents/room_manage/artisan(13): Illuminate\\Foundation\\Application->handleCommand()
#21 {main}

[previous exception] [object] (PDOException(code: 42S02): SQLSTATE[42S02]: Base table or view not found: 1146 Table 'room_management.cache' doesn't exist at /home/ojt/Documents/room_manage/vendor/laravel/framework/src/Illuminate/Database/Connection.php:592)
[stacktrace]
#0 /home/ojt/Documents/room_manage/vendor/laravel/framework/src/Illuminate/Database/Connection.php(592): PDO->prepare()
#1 /home/ojt/Documents/room_manage/vendor/laravel/framework/src/Illuminate/Database/Connection.php(812): Illuminate\\Database\\Connection->Illuminate\\Database\\{closure}()
#2 /home/ojt/Documents/room_manage/vendor/laravel/framework/src/Illuminate/Database/Connection.php(779): Illuminate\\Database\\Connection->runQueryCallback()
#3 /home/ojt/Documents/room_manage/vendor/laravel/framework/src/Illuminate/Database/Connection.php(584): Illuminate\\Database\\Connection->run()
#4 /home/ojt/Documents/room_manage/vendor/laravel/framework/src/Illuminate/Database/Connection.php(548): Illuminate\\Database\\Connection->affectingStatement()
#5 /home/ojt/Documents/room_manage/vendor/laravel/framework/src/Illuminate/Database/Query/Builder.php(4066): Illuminate\\Database\\Connection->delete()
#6 /home/ojt/Documents/room_manage/vendor/laravel/framework/src/Illuminate/Cache/DatabaseStore.php(421): Illuminate\\Database\\Query\\Builder->delete()
#7 /home/ojt/Documents/room_manage/vendor/laravel/framework/src/Illuminate/Cache/Repository.php(791): Illuminate\\Cache\\DatabaseStore->flush()
#8 /home/ojt/Documents/room_manage/vendor/laravel/framework/src/Illuminate/Cache/Console/ClearCommand.php(69): Illuminate\\Cache\\Repository->__call()
#9 /home/ojt/Documents/room_manage/vendor/laravel/framework/src/Illuminate/Container/BoundMethod.php(36): Illuminate\\Cache\\Console\\ClearCommand->handle()
#10 /home/ojt/Documents/room_manage/vendor/laravel/framework/src/Illuminate/Container/Util.php(43): Illuminate\\Container\\BoundMethod::Illuminate\\Container\\{closure}()
#11 /home/ojt/Documents/room_manage/vendor/laravel/framework/src/Illuminate/Container/BoundMethod.php(95): Illuminate\\Container\\Util::unwrapIfClosure()
#12 /home/ojt/Documents/room_manage/vendor/laravel/framework/src/Illuminate/Container/BoundMethod.php(35): Illuminate\\Container\\BoundMethod::callBoundMethod()
#13 /home/ojt/Documents/room_manage/vendor/laravel/framework/src/Illuminate/Container/Container.php(694): Illuminate\\Container\\BoundMethod::call()
#14 /home/ojt/Documents/room_manage/vendor/laravel/framework/src/Illuminate/Console/Command.php(213): Illuminate\\Container\\Container->call()
#15 /home/ojt/Documents/room_manage/vendor/symfony/console/Command/Command.php(279): Illuminate\\Console\\Command->execute()
#16 /home/ojt/Documents/room_manage/vendor/laravel/framework/src/Illuminate/Console/Command.php(182): Symfony\\Component\\Console\\Command\\Command->run()
#17 /home/ojt/Documents/room_manage/vendor/symfony/console/Application.php(1047): Illuminate\\Console\\Command->run()
#18 /home/ojt/Documents/room_manage/vendor/symfony/console/Application.php(316): Symfony\\Component\\Console\\Application->doRunCommand()
#19 /home/ojt/Documents/room_manage/vendor/symfony/console/Application.php(167): Symfony\\Component\\Console\\Application->doRun()
#20 /home/ojt/Documents/room_manage/vendor/laravel/framework/src/Illuminate/Foundation/Console/Kernel.php(197): Symfony\\Component\\Console\\Application->run()
#21 /home/ojt/Documents/room_manage/vendor/laravel/framework/src/Illuminate/Foundation/Application.php(1205): Illuminate\\Foundation\\Console\\Kernel->handle()
#22 /home/ojt/Documents/room_manage/artisan(13): Illuminate\\Foundation\\Application->handleCommand()
#23 {main}
"} 
[2024-12-19 01:39:07] local.ERROR: The "--sedd" option does not exist. {"exception":"[object] (Symfony\\Component\\Console\\Exception\\RuntimeException(code: 0): The \"--sedd\" option does not exist. at /home/ojt/Documents/room_manage/vendor/symfony/console/Input/ArgvInput.php:220)
[stacktrace]
#0 /home/ojt/Documents/room_manage/vendor/symfony/console/Input/ArgvInput.php(149): Symfony\\Component\\Console\\Input\\ArgvInput->addLongOption()
#1 /home/ojt/Documents/room_manage/vendor/symfony/console/Input/ArgvInput.php(82): Symfony\\Component\\Console\\Input\\ArgvInput->parseLongOption()
#2 /home/ojt/Documents/room_manage/vendor/symfony/console/Input/ArgvInput.php(71): Symfony\\Component\\Console\\Input\\ArgvInput->parseToken()
#3 /home/ojt/Documents/room_manage/vendor/symfony/console/Input/Input.php(53): Symfony\\Component\\Console\\Input\\ArgvInput->parse()
#4 /home/ojt/Documents/room_manage/vendor/symfony/console/Command/Command.php(238): Symfony\\Component\\Console\\Input\\Input->bind()
#5 /home/ojt/Documents/room_manage/vendor/laravel/framework/src/Illuminate/Console/Command.php(182): Symfony\\Component\\Console\\Command\\Command->run()
#6 /home/ojt/Documents/room_manage/vendor/symfony/console/Application.php(1047): Illuminate\\Console\\Command->run()
#7 /home/ojt/Documents/room_manage/vendor/symfony/console/Application.php(316): Symfony\\Component\\Console\\Application->doRunCommand()
#8 /home/ojt/Documents/room_manage/vendor/symfony/console/Application.php(167): Symfony\\Component\\Console\\Application->doRun()
#9 /home/ojt/Documents/room_manage/vendor/laravel/framework/src/Illuminate/Foundation/Console/Kernel.php(197): Symfony\\Component\\Console\\Application->run()
#10 /home/ojt/Documents/room_manage/vendor/laravel/framework/src/Illuminate/Foundation/Application.php(1205): Illuminate\\Foundation\\Console\\Kernel->handle()
#11 /home/ojt/Documents/room_manage/artisan(13): Illuminate\\Foundation\\Application->handleCommand()
#12 {main}
"} 
